# JRE version: OpenJDK Runtime Environment (8.0_91-b14) (build 1.8.0_91-8u91-b14-3ubuntu1~16.04.1-b14)
# Java VM: OpenJDK 64-Bit Server VM (25.91-b14 mixed mode linux-amd64 compressed oops)
Heap:
 PSYoungGen      total 67584K, used 5112K [0x00000000d7f80000, 0x00000000dc680000, 0x0000000100000000)
  eden space 62464K, 0% used [0x00000000d7f80000,0x00000000d7f80000,0x00000000dbc80000)
  from space 5120K, 99% used [0x00000000dbc80000,0x00000000dc17e020,0x00000000dc180000)
  to   space 5120K, 0% used [0x00000000dc180000,0x00000000dc180000,0x00000000dc680000)
 ParOldGen       total 83456K, used 11933K [0x0000000087e00000, 0x000000008cf80000, 0x00000000d7f80000)
  object space 83456K, 14% used [0x0000000087e00000,0x00000000889a7490,0x000000008cf80000)
 Metaspace       used 10544K, capacity 10662K, committed 10880K, reserved 1058816K
  class space    used 1047K, capacity 1115K, committed 1152K, reserved 1048576K
GC Heap History (5 events):
Event: 3.032 GC heap before
{Heap before GC invocations=1 (full 0):
 PSYoungGen      total 36352K, used 31232K [0x00000000d7f80000, 0x00000000da800000, 0x0000000100000000)
  eden space 31232K, 100% used [0x00000000d7f80000,0x00000000d9e00000,0x00000000d9e00000)
  from space 5120K, 0% used [0x00000000da300000,0x00000000da300000,0x00000000da800000)
  to   space 5120K, 0% used [0x00000000d9e00000,0x00000000d9e00000,0x00000000da300000)
 ParOldGen       total 83456K, used 0K [0x0000000087e00000, 0x000000008cf80000, 0x00000000d7f80000)
  object space 83456K, 0% used [0x0000000087e00000,0x0000000087e00000,0x000000008cf80000)
 Metaspace       used 6866K, capacity 6940K, committed 7168K, reserved 1056768K
  class space    used 719K, capacity 756K, committed 768K, reserved 1048576K
Event: 3.065 GC heap after
Heap after GC invocations=1 (full 0):
 PSYoungGen      total 36352K, used 4471K [0x00000000d7f80000, 0x00000000dc680000, 0x0000000100000000)
  eden space 31232K, 0% used [0x00000000d7f80000,0x00000000d7f80000,0x00000000d9e00000)
  from space 5120K, 87% used [0x00000000d9e00000,0x00000000da25ddc0,0x00000000da300000)
  to   space 5120K, 0% used [0x00000000dc180000,0x00000000dc180000,0x00000000dc680000)
 ParOldGen       total 83456K, used 0K [0x0000000087e00000, 0x000000008cf80000, 0x00000000d7f80000)
  object space 83456K, 0% used [0x0000000087e00000,0x0000000087e00000,0x000000008cf80000)
 Metaspace       used 6866K, capacity 6940K, committed 7168K, reserved 1056768K
  class space    used 719K, capacity 756K, committed 768K, reserved 1048576K
}
Event: 4.825 GC heap before
{Heap before GC invocations=2 (full 0):
 PSYoungGen      total 36352K, used 35703K [0x00000000d7f80000, 0x00000000dc680000, 0x0000000100000000)
  eden space 31232K, 100% used [0x00000000d7f80000,0x00000000d9e00000,0x00000000d9e00000)
  from space 5120K, 87% used [0x00000000d9e00000,0x00000000da25ddc0,0x00000000da300000)
  to   space 5120K, 0% used [0x00000000dc180000,0x00000000dc180000,0x00000000dc680000)
 ParOldGen       total 83456K, used 0K [0x0000000087e00000, 0x000000008cf80000, 0x00000000d7f80000)
  object space 83456K, 0% used [0x0000000087e00000,0x0000000087e00000,0x000000008cf80000)
 Metaspace       used 7378K, capacity 7514K, committed 7808K, reserved 1056768K
  class space    used 756K, capacity 793K, committed 896K, reserved 1048576K
Event: 4.917 GC heap after
Heap after GC invocations=2 (full 0):
 PSYoungGen      total 67584K, used 5104K [0x00000000d7f80000, 0x00000000dc680000, 0x0000000100000000)
  eden space 62464K, 0% used [0x00000000d7f80000,0x00000000d7f80000,0x00000000dbc80000)
  from space 5120K, 99% used [0x00000000dc180000,0x00000000dc67c010,0x00000000dc680000)
  to   space 5120K, 0% used [0x00000000dbc80000,0x00000000dbc80000,0x00000000dc180000)
 ParOldGen       total 83456K, used 2984K [0x0000000087e00000, 0x000000008cf80000, 0x00000000d7f80000)
  object space 83456K, 3% used [0x0000000087e00000,0x00000000880ea1a0,0x000000008cf80000)
 Metaspace       used 7378K, capacity 7514K, committed 7808K, reserved 1056768K
  class space    used 756K, capacity 793K, committed 896K, reserved 1048576K
}
Event: 7.947 GC heap before
{Heap before GC invocations=3 (full 0):
 PSYoungGen      total 67584K, used 67568K [0x00000000d7f80000, 0x00000000dc680000, 0x0000000100000000)
  eden space 62464K, 100% used [0x00000000d7f80000,0x00000000dbc80000,0x00000000dbc80000)
  from space 5120K, 99% used [0x00000000dc180000,0x00000000dc67c010,0x00000000dc680000)
  to   space 5120K, 0% used [0x00000000dbc80000,0x00000000dbc80000,0x00000000dc180000)
 ParOldGen       total 83456K, used 2984K [0x0000000087e00000, 0x000000008cf80000, 0x00000000d7f80000)
  object space 83456K, 3% used [0x0000000087e00000,0x00000000880ea1a0,0x000000008cf80000)
 Metaspace       used 10544K, capacity 10662K, committed 10880K, reserved 1058816K
  class space    used 1047K, capacity 1115K, committed 1152K, reserved 1048576K

